E, [2016-12-02T01:02:16.087492 #8384] ERROR -- Kitchen: ------Exception-------
E, [2016-12-02T01:02:16.087492 #8384] ERROR -- Kitchen: Class: Kitchen::UserError
E, [2016-12-02T01:02:16.087492 #8384] ERROR -- Kitchen: Message: Kitchen YAML file C:/chef-repo/cookbooks/dploy2/drupal-8.2.3/.kitchen.yml does not exist.
E, [2016-12-02T01:02:16.087492 #8384] ERROR -- Kitchen: ----------------------
E, [2016-12-02T01:02:16.088470 #8384] ERROR -- Kitchen: ------Backtrace-------
E, [2016-12-02T01:02:16.088470 #8384] ERROR -- Kitchen: C:/opscode/chefdk/embedded/lib/ruby/gems/2.3.0/gems/test-kitchen-1.13.2/lib/kitchen/loader/yaml.rb:74:in `read'
E, [2016-12-02T01:02:16.088470 #8384] ERROR -- Kitchen: C:/opscode/chefdk/embedded/lib/ruby/gems/2.3.0/gems/test-kitchen-1.13.2/lib/kitchen/config.rb:154:in `data'
E, [2016-12-02T01:02:16.088470 #8384] ERROR -- Kitchen: C:/opscode/chefdk/embedded/lib/ruby/gems/2.3.0/gems/test-kitchen-1.13.2/lib/kitchen/config.rb:133:in `suites'
E, [2016-12-02T01:02:16.088470 #8384] ERROR -- Kitchen: C:/opscode/chefdk/embedded/lib/ruby/gems/2.3.0/gems/test-kitchen-1.13.2/lib/kitchen/config.rb:184:in `filter_instances'
E, [2016-12-02T01:02:16.088470 #8384] ERROR -- Kitchen: C:/opscode/chefdk/embedded/lib/ruby/gems/2.3.0/gems/test-kitchen-1.13.2/lib/kitchen/config.rb:143:in `build_instances'
E, [2016-12-02T01:02:16.088470 #8384] ERROR -- Kitchen: C:/opscode/chefdk/embedded/lib/ruby/gems/2.3.0/gems/test-kitchen-1.13.2/lib/kitchen/config.rb:119:in `instances'
E, [2016-12-02T01:02:16.088470 #8384] ERROR -- Kitchen: C:/opscode/chefdk/embedded/lib/ruby/gems/2.3.0/gems/test-kitchen-1.13.2/lib/kitchen/command.rb:115:in `filtered_instances'
E, [2016-12-02T01:02:16.088470 #8384] ERROR -- Kitchen: C:/opscode/chefdk/embedded/lib/ruby/gems/2.3.0/gems/test-kitchen-1.13.2/lib/kitchen/command.rb:145:in `parse_subcommand'
E, [2016-12-02T01:02:16.088470 #8384] ERROR -- Kitchen: C:/opscode/chefdk/embedded/lib/ruby/gems/2.3.0/gems/test-kitchen-1.13.2/lib/kitchen/command/login.rb:32:in `call'
E, [2016-12-02T01:02:16.088470 #8384] ERROR -- Kitchen: C:/opscode/chefdk/embedded/lib/ruby/gems/2.3.0/gems/test-kitchen-1.13.2/lib/kitchen/cli.rb:56:in `perform'
E, [2016-12-02T01:02:16.088470 #8384] ERROR -- Kitchen: C:/opscode/chefdk/embedded/lib/ruby/gems/2.3.0/gems/test-kitchen-1.13.2/lib/kitchen/cli.rb:240:in `login'
E, [2016-12-02T01:02:16.088470 #8384] ERROR -- Kitchen: C:/opscode/chefdk/embedded/lib/ruby/gems/2.3.0/gems/thor-0.19.1/lib/thor/command.rb:27:in `run'
E, [2016-12-02T01:02:16.088470 #8384] ERROR -- Kitchen: C:/opscode/chefdk/embedded/lib/ruby/gems/2.3.0/gems/thor-0.19.1/lib/thor/invocation.rb:126:in `invoke_command'
E, [2016-12-02T01:02:16.088470 #8384] ERROR -- Kitchen: C:/opscode/chefdk/embedded/lib/ruby/gems/2.3.0/gems/test-kitchen-1.13.2/lib/kitchen/cli.rb:334:in `invoke_task'
E, [2016-12-02T01:02:16.088470 #8384] ERROR -- Kitchen: C:/opscode/chefdk/embedded/lib/ruby/gems/2.3.0/gems/thor-0.19.1/lib/thor.rb:359:in `dispatch'
E, [2016-12-02T01:02:16.088470 #8384] ERROR -- Kitchen: C:/opscode/chefdk/embedded/lib/ruby/gems/2.3.0/gems/thor-0.19.1/lib/thor/base.rb:440:in `start'
E, [2016-12-02T01:02:16.088470 #8384] ERROR -- Kitchen: C:/opscode/chefdk/embedded/lib/ruby/gems/2.3.0/gems/test-kitchen-1.13.2/bin/kitchen:13:in `block in <top (required)>'
E, [2016-12-02T01:02:16.088470 #8384] ERROR -- Kitchen: C:/opscode/chefdk/embedded/lib/ruby/gems/2.3.0/gems/test-kitchen-1.13.2/lib/kitchen/errors.rb:174:in `with_friendly_errors'
E, [2016-12-02T01:02:16.088470 #8384] ERROR -- Kitchen: C:/opscode/chefdk/embedded/lib/ruby/gems/2.3.0/gems/test-kitchen-1.13.2/bin/kitchen:13:in `<top (required)>'
E, [2016-12-02T01:02:16.088470 #8384] ERROR -- Kitchen: C:/opscode/chefdk/bin/kitchen:24:in `load'
E, [2016-12-02T01:02:16.088470 #8384] ERROR -- Kitchen: C:/opscode/chefdk/bin/kitchen:24:in `<main>'
E, [2016-12-02T01:02:16.088470 #8384] ERROR -- Kitchen: ----End Backtrace-----
